TN:
SF:dbGithub/setGithubDataBase.js
FN:3,requestBase
FNF:1
FNH:1
FNDA:1,requestBase
DA:1,1
DA:2,1
DA:3,1
DA:4,1
DA:5,1
DA:6,1
DA:7,1
DA:8,1
DA:9,1
DA:10,1
DA:11,1
DA:12,1
DA:13,1
DA:14,1
DA:15,1
DA:16,0
DA:17,0
DA:18,1
DA:19,1
DA:20,1
LF:20
LH:18
BRDA:3,0,0,1
BRDA:15,1,0,0
BRF:2
BRH:1
end_of_record
TN:
SF:dbGithub/setGithubDataRepos.js
FN:3,requestRepos
FNF:1
FNH:1
FNDA:1,requestRepos
DA:1,1
DA:2,1
DA:3,1
DA:4,1
DA:5,1
DA:6,1
DA:7,1
DA:8,1
DA:9,24
DA:10,24
DA:11,24
DA:12,24
DA:13,24
DA:14,24
DA:15,24
DA:16,24
DA:17,24
DA:18,1
DA:19,1
DA:20,1
DA:21,1
DA:22,0
DA:23,0
DA:24,1
DA:25,1
DA:26,1
LF:26
LH:24
BRDA:3,0,0,1
BRDA:21,1,0,0
BRDA:8,2,0,24
BRF:3
BRH:2
end_of_record
TN:
SF:dbGithub/setGithubLangRepos.js
FN:4,requestLang
FNF:1
FNH:1
FNDA:1,requestLang
DA:1,1
DA:2,1
DA:3,1
DA:4,1
DA:5,1
DA:6,1
DA:7,1
DA:8,1
DA:9,1
DA:10,1
DA:11,1
DA:12,24
DA:13,24
DA:14,24
DA:15,1
DA:16,1
DA:17,1
DA:18,1
DA:19,24
DA:20,42
DA:21,9
DA:22,42
DA:23,33
DA:24,33
DA:25,24
DA:26,1
DA:27,1
DA:28,1
DA:29,1
DA:30,1
DA:31,0
DA:32,0
DA:33,1
DA:34,1
DA:35,1
LF:35
LH:33
BRDA:4,0,0,1
BRDA:30,1,0,0
BRDA:10,2,0,24
BRDA:11,3,0,24
BRDA:18,4,0,24
BRDA:19,5,0,42
BRDA:20,6,0,9
BRDA:22,7,0,33
BRF:8
BRH:7
end_of_record
